2017-03-08 16:20:04.472 ERROR com.mst.util.Props: Error loading properties file. {}
 java.io.FileNotFoundException: C:\Users\user1\Documents\MST-tools\MST-Tools\target\mst-tools.properties (The system cannot find the file specified)
	at java.io.FileInputStream.open0(Native Method)
	at java.io.FileInputStream.open(Unknown Source)
	at java.io.FileInputStream.<init>(Unknown Source)
	at java.io.FileInputStream.<init>(Unknown Source)
2017-03-08 16:36:45.121 ERROR com.mst.util.Props: Error loading properties file. {}
 java.io.FileNotFoundException: C:\Users\user1\Documents\MST-tools\MST-Tools\target\mst-tools.properties (The system cannot find the file specified)
	at java.io.FileInputStream.open0(Native Method)
	at java.io.FileInputStream.open(Unknown Source)
	at java.io.FileInputStream.<init>(Unknown Source)
	at java.io.FileInputStream.<init>(Unknown Source)
2017-03-08 17:01:56.879 ERROR com.mst.util.Props: Error loading properties file. {}
 java.io.FileNotFoundException: C:\Users\user1\Documents\MST-tools\MST-Tools\target\mst-tools.properties (The system cannot find the file specified)
	at java.io.FileInputStream.open0(Native Method)
	at java.io.FileInputStream.open(Unknown Source)
	at java.io.FileInputStream.<init>(Unknown Source)
	at java.io.FileInputStream.<init>(Unknown Source)
2017-03-08 17:05:11.126 ERROR com.mst.util.Props: Error loading properties file. {}
 java.io.FileNotFoundException: C:\Users\user1\Documents\MST-tools\MST-Tools\target\mst-tools.properties (The system cannot find the file specified)
	at java.io.FileInputStream.open0(Native Method)
	at java.io.FileInputStream.open(Unknown Source)
	at java.io.FileInputStream.<init>(Unknown Source)
	at java.io.FileInputStream.<init>(Unknown Source)
2017-03-08 17:05:53.864 ERROR com.mst.util.Props: Error loading properties file. {}
 java.io.FileNotFoundException: C:\Users\user1\Documents\MST-tools\MST-Tools\target\mst-tools.properties (The system cannot find the file specified)
	at java.io.FileInputStream.open0(Native Method)
	at java.io.FileInputStream.open(Unknown Source)
	at java.io.FileInputStream.<init>(Unknown Source)
	at java.io.FileInputStream.<init>(Unknown Source)
2017-03-08 17:06:43.309 ERROR com.mst.util.Props: Error loading properties file. {}
 java.io.FileNotFoundException: C:\Users\user1\Documents\MST-tools\MST-Tools\target\mst-tools.properties (The system cannot find the file specified)
	at java.io.FileInputStream.open0(Native Method)
	at java.io.FileInputStream.open(Unknown Source)
	at java.io.FileInputStream.<init>(Unknown Source)
	at java.io.FileInputStream.<init>(Unknown Source)
2017-03-08 17:09:40.997 ERROR com.mst.util.Props: Error loading properties file. {}
 java.io.FileNotFoundException: C:\Users\user1\Documents\MST-tools\MST-Tools\target\mst-tools.properties (The system cannot find the file specified)
	at java.io.FileInputStream.open0(Native Method)
	at java.io.FileInputStream.open(Unknown Source)
	at java.io.FileInputStream.<init>(Unknown Source)
	at java.io.FileInputStream.<init>(Unknown Source)
2017-03-08 17:10:43.822 ERROR com.mst.util.Props: Error loading properties file. {}
 java.io.FileNotFoundException: C:\Users\user1\Documents\MST-tools\MST-Tools\target\mst-tools.properties (The system cannot find the file specified)
	at java.io.FileInputStream.open0(Native Method)
	at java.io.FileInputStream.open(Unknown Source)
	at java.io.FileInputStream.<init>(Unknown Source)
	at java.io.FileInputStream.<init>(Unknown Source)
2017-03-08 17:12:20.045 ERROR com.mst.util.Props: Error loading properties file. {}
 java.io.FileNotFoundException: C:\Users\user1\Documents\MST-tools\MST-Tools\target\mst-tools.properties (The system cannot find the file specified)
	at java.io.FileInputStream.open0(Native Method)
	at java.io.FileInputStream.open(Unknown Source)
	at java.io.FileInputStream.<init>(Unknown Source)
	at java.io.FileInputStream.<init>(Unknown Source)
2017-03-08 17:45:18.002 ERROR com.mst.util.Props: Error loading properties file. {}
 java.io.FileNotFoundException: C:\Users\user1\Documents\MST-tools\MST-Tools\target\mst-tools.properties (The system cannot find the file specified)
	at java.io.FileInputStream.open0(Native Method)
	at java.io.FileInputStream.open(Unknown Source)
	at java.io.FileInputStream.<init>(Unknown Source)
	at java.io.FileInputStream.<init>(Unknown Source)
2017-03-08 17:50:51.971 ERROR com.mst.util.Props: Error loading properties file. {}
 java.io.FileNotFoundException: C:\Users\user1\Documents\MST-tools\MST-Tools\target\mst-tools.properties (The system cannot find the file specified)
	at java.io.FileInputStream.open0(Native Method)
	at java.io.FileInputStream.open(Unknown Source)
	at java.io.FileInputStream.<init>(Unknown Source)
	at java.io.FileInputStream.<init>(Unknown Source)
2017-03-08 17:51:17.654 ERROR com.mst.util.Props: Error loading properties file. {}
 java.io.FileNotFoundException: C:\Users\user1\Documents\MST-tools\MST-Tools\target\mst-tools.properties (The system cannot find the file specified)
	at java.io.FileInputStream.open0(Native Method)
	at java.io.FileInputStream.open(Unknown Source)
	at java.io.FileInputStream.<init>(Unknown Source)
	at java.io.FileInputStream.<init>(Unknown Source)
2017-03-08 17:51:26.929 ERROR com.mst.util.Props: Error loading properties file. {}
 java.io.FileNotFoundException: C:\Users\user1\Documents\MST-tools\MST-Tools\target\mst-tools.properties (The system cannot find the file specified)
	at java.io.FileInputStream.open0(Native Method)
	at java.io.FileInputStream.open(Unknown Source)
	at java.io.FileInputStream.<init>(Unknown Source)
	at java.io.FileInputStream.<init>(Unknown Source)
2017-03-08 17:52:44.174 ERROR com.mst.util.Props: Error loading properties file. {}
 java.io.FileNotFoundException: C:\Users\user1\Documents\MST-tools\MST-Tools\target\mst-tools.properties (The system cannot find the file specified)
	at java.io.FileInputStream.open0(Native Method)
	at java.io.FileInputStream.open(Unknown Source)
	at java.io.FileInputStream.<init>(Unknown Source)
	at java.io.FileInputStream.<init>(Unknown Source)
